2017-04-21 11:48:56,421 ERROR [pool-5-thread-1] c.a.c.u.RedissonUtil [RedissonUtil.java:41] error to read config for redission
com.fasterxml.jackson.databind.JsonMappingException: Can not deserialize instance of java.net.URL out of START_ARRAY token
 at [Source: {"codec":{"class":"org.redisson.codec.JsonJacksonCodec"},"useLinuxNativeEpoll":false,"threads":0,"singleServerConfig":{"address":["//127.0.0.1:6379"],"subscriptionConnectionMinimumIdleSize":1,"failedAttempts":3,"dnsMonitoring":false,"dnsMonitoringInterval":5000,"connectionPoolSize":250,"idleConnectionTimeout":10000,"connectionMinimumIdleSize":5,"timeout":3000,"subscriptionConnectionPoolSize":50,"password":123456,"database":0,"connectTimeout":10000,"pingTimeout":1000,"retryInterval":1500,"reconnectionTimeout":3000,"subscriptionsPerConnection":5,"retryAttempts":3}}; line: 1, column: 130] (through reference chain: org.redisson.config.Config["singleServerConfig"]->org.redisson.config.SingleServerConfig["address"])
	at com.fasterxml.jackson.databind.JsonMappingException.from(JsonMappingException.java:270)
	at com.fasterxml.jackson.databind.DeserializationContext.reportMappingException(DeserializationContext.java:1234)
	at com.fasterxml.jackson.databind.DeserializationContext.handleUnexpectedToken(DeserializationContext.java:1122)
	at com.fasterxml.jackson.databind.DeserializationContext.handleUnexpectedToken(DeserializationContext.java:1075)
	at com.fasterxml.jackson.databind.deser.std.FromStringDeserializer.deserialize(FromStringDeserializer.java:161)
	at com.fasterxml.jackson.databind.deser.SettableBeanProperty.deserialize(SettableBeanProperty.java:504)
	at com.fasterxml.jackson.databind.deser.impl.MethodProperty.deserializeAndSet(MethodProperty.java:101)
	at com.fasterxml.jackson.databind.deser.BeanDeserializer.vanillaDeserialize(BeanDeserializer.java:276)
	at com.fasterxml.jackson.databind.deser.BeanDeserializer.deserialize(BeanDeserializer.java:140)
	at com.fasterxml.jackson.databind.deser.SettableBeanProperty.deserialize(SettableBeanProperty.java:504)
	at com.fasterxml.jackson.databind.deser.impl.MethodProperty.deserializeAndSet(MethodProperty.java:101)
	at com.fasterxml.jackson.databind.deser.BeanDeserializer.vanillaDeserialize(BeanDeserializer.java:276)
	at com.fasterxml.jackson.databind.deser.BeanDeserializer.deserialize(BeanDeserializer.java:140)
	at com.fasterxml.jackson.databind.ObjectMapper._readMapAndClose(ObjectMapper.java:3798)
	at com.fasterxml.jackson.databind.ObjectMapper.readValue(ObjectMapper.java:2842)
	at org.redisson.config.ConfigSupport.fromJSON(ConfigSupport.java:125)
	at org.redisson.config.Config.fromJSON(Config.java:492)
	at com.alpha.common.utils.RedissonUtil.init(RedissonUtil.java:38)
	at com.alpha.common.utils.RedissonUtil.<init>(RedissonUtil.java:21)
	at com.alpha.common.utils.RedissonUtil.getInstance(RedissonUtil.java:28)
	at com.xyl.intelligenttravel.controller.CrawlerTravelController.lambda$syncCrawler$0(CrawlerTravelController.java:70)
	at java.com.alpha.common.util.concurrent.FutureTask.run(FutureTask.java:266)
	at java.com.alpha.common.util.concurrent.ThreadPoolExecutor.runWorker(ThreadPoolExecutor.java:1142)
	at java.com.alpha.common.util.concurrent.ThreadPoolExecutor$Worker.run(ThreadPoolExecutor.java:617)
	at java.lang.Thread.run(Thread.java:745)
2017-04-21 11:53:26,379 ERROR [pool-4-thread-1] c.a.c.u.RedissonUtil [RedissonUtil.java:41] error to read config for redission
com.fasterxml.jackson.databind.JsonMappingException: Can not deserialize instance of java.net.URL out of START_ARRAY token
 at [Source: {"codec":{"class":"org.redisson.codec.JsonJacksonCodec"},"useLinuxNativeEpoll":false,"threads":0,"singleServerConfig":{"address":["//127.0.0.1:6379"],"subscriptionConnectionMinimumIdleSize":1,"failedAttempts":3,"dnsMonitoring":false,"dnsMonitoringInterval":5000,"connectionPoolSize":250,"idleConnectionTimeout":10000,"connectionMinimumIdleSize":5,"timeout":3000,"subscriptionConnectionPoolSize":50,"password":123456,"database":0,"connectTimeout":10000,"pingTimeout":1000,"retryInterval":1500,"reconnectionTimeout":3000,"subscriptionsPerConnection":5,"retryAttempts":3}}; line: 1, column: 130] (through reference chain: org.redisson.config.Config["singleServerConfig"]->org.redisson.config.SingleServerConfig["address"])
	at com.fasterxml.jackson.databind.JsonMappingException.from(JsonMappingException.java:270)
	at com.fasterxml.jackson.databind.DeserializationContext.reportMappingException(DeserializationContext.java:1234)
	at com.fasterxml.jackson.databind.DeserializationContext.handleUnexpectedToken(DeserializationContext.java:1122)
	at com.fasterxml.jackson.databind.DeserializationContext.handleUnexpectedToken(DeserializationContext.java:1075)
	at com.fasterxml.jackson.databind.deser.std.FromStringDeserializer.deserialize(FromStringDeserializer.java:161)
	at com.fasterxml.jackson.databind.deser.SettableBeanProperty.deserialize(SettableBeanProperty.java:504)
	at com.fasterxml.jackson.databind.deser.impl.MethodProperty.deserializeAndSet(MethodProperty.java:101)
	at com.fasterxml.jackson.databind.deser.BeanDeserializer.vanillaDeserialize(BeanDeserializer.java:276)
	at com.fasterxml.jackson.databind.deser.BeanDeserializer.deserialize(BeanDeserializer.java:140)
	at com.fasterxml.jackson.databind.deser.SettableBeanProperty.deserialize(SettableBeanProperty.java:504)
	at com.fasterxml.jackson.databind.deser.impl.MethodProperty.deserializeAndSet(MethodProperty.java:101)
	at com.fasterxml.jackson.databind.deser.BeanDeserializer.vanillaDeserialize(BeanDeserializer.java:276)
	at com.fasterxml.jackson.databind.deser.BeanDeserializer.deserialize(BeanDeserializer.java:140)
	at com.fasterxml.jackson.databind.ObjectMapper._readMapAndClose(ObjectMapper.java:3798)
	at com.fasterxml.jackson.databind.ObjectMapper.readValue(ObjectMapper.java:2842)
	at org.redisson.config.ConfigSupport.fromJSON(ConfigSupport.java:125)
	at org.redisson.config.Config.fromJSON(Config.java:492)
	at com.alpha.common.utils.RedissonUtil.init(RedissonUtil.java:38)
	at com.alpha.common.utils.RedissonUtil.<init>(RedissonUtil.java:21)
	at com.alpha.common.utils.RedissonUtil.getInstance(RedissonUtil.java:28)
	at com.xyl.intelligenttravel.controller.CrawlerTravelController.lambda$syncCrawler$0(CrawlerTravelController.java:71)
	at java.com.alpha.common.util.concurrent.FutureTask.run(FutureTask.java:266)
	at java.com.alpha.common.util.concurrent.ThreadPoolExecutor.runWorker(ThreadPoolExecutor.java:1142)
	at java.com.alpha.common.util.concurrent.ThreadPoolExecutor$Worker.run(ThreadPoolExecutor.java:617)
	at java.lang.Thread.run(Thread.java:745)
2017-04-21 13:54:39,077 ERROR [qtp854255346-18] c.a.c.u.ValidateUtil [ValidateUtil.java:31] { address (null): 字段不合法 }
