2017-04-20 20:39:11,322 ERROR [pool-2-thread-1] c.a.c.u.FileUtil [FileUtil.java:150] failed to get redission conf fileName = /conf/redission.json
java.lang.NullPointerException: null
	at java.io.Reader.<init>(Reader.java:78)
	at java.io.InputStreamReader.<init>(InputStreamReader.java:113)
	at org.apache.commons.io.IOUtils.copy(IOUtils.java:1906)
	at org.apache.commons.io.IOUtils.toString(IOUtils.java:778)
	at org.apache.commons.io.IOUtils.toString(IOUtils.java:803)
	at com.alpha.common.utils.FileUtil.getFromFile(FileUtil.java:148)
	at com.alpha.common.utils.RedissonUtil.init(RedissonUtil.java:36)
	at com.alpha.common.utils.RedissonUtil.<init>(RedissonUtil.java:21)
	at com.alpha.common.utils.RedissonUtil.getInstance(RedissonUtil.java:28)
	at com.xyl.intelligenttravel.controller.CrawlerTravelController.lambda$syncCrawler$0(CrawlerTravelController.java:69)
	at java.com.alpha.common.util.concurrent.FutureTask.run(FutureTask.java:266)
	at java.com.alpha.common.util.concurrent.ThreadPoolExecutor.runWorker(ThreadPoolExecutor.java:1142)
	at java.com.alpha.common.util.concurrent.ThreadPoolExecutor$Worker.run(ThreadPoolExecutor.java:617)
	at java.lang.Thread.run(Thread.java:745)
2017-04-20 20:39:58,217 ERROR [pool-2-thread-1] c.a.c.u.FileUtil [FileUtil.java:150] failed to get redission conf fileName = /conf/redission.json
java.lang.NullPointerException: null
	at java.io.Reader.<init>(Reader.java:78)
	at java.io.InputStreamReader.<init>(InputStreamReader.java:113)
	at org.apache.commons.io.IOUtils.copy(IOUtils.java:1906)
	at org.apache.commons.io.IOUtils.toString(IOUtils.java:778)
	at org.apache.commons.io.IOUtils.toString(IOUtils.java:803)
	at com.alpha.common.utils.FileUtil.getFromFile(FileUtil.java:148)
	at com.alpha.common.utils.RedissonUtil.init(RedissonUtil.java:36)
	at com.alpha.common.utils.RedissonUtil.<init>(RedissonUtil.java:21)
	at com.alpha.common.utils.RedissonUtil.getInstance(RedissonUtil.java:28)
	at com.xyl.intelligenttravel.controller.CrawlerTravelController.lambda$syncCrawler$0(CrawlerTravelController.java:69)
	at java.com.alpha.common.util.concurrent.FutureTask.run(FutureTask.java:266)
	at java.com.alpha.common.util.concurrent.ThreadPoolExecutor.runWorker(ThreadPoolExecutor.java:1142)
	at java.com.alpha.common.util.concurrent.ThreadPoolExecutor$Worker.run(ThreadPoolExecutor.java:617)
	at java.lang.Thread.run(Thread.java:745)
2017-04-20 20:40:30,735 ERROR [pool-2-thread-1] c.a.c.u.FileUtil [FileUtil.java:150] failed to get redission conf fileName = /conf/redission.json
java.lang.NullPointerException: null
	at java.io.Reader.<init>(Reader.java:78)
	at java.io.InputStreamReader.<init>(InputStreamReader.java:113)
	at org.apache.commons.io.IOUtils.copy(IOUtils.java:1906)
	at org.apache.commons.io.IOUtils.toString(IOUtils.java:778)
	at org.apache.commons.io.IOUtils.toString(IOUtils.java:803)
	at com.alpha.common.utils.FileUtil.getFromFile(FileUtil.java:148)
	at com.alpha.common.utils.RedissonUtil.init(RedissonUtil.java:36)
	at com.alpha.common.utils.RedissonUtil.<init>(RedissonUtil.java:21)
	at com.alpha.common.utils.RedissonUtil.getInstance(RedissonUtil.java:28)
	at com.xyl.intelligenttravel.controller.CrawlerTravelController.lambda$syncCrawler$0(CrawlerTravelController.java:69)
	at java.com.alpha.common.util.concurrent.FutureTask.run(FutureTask.java:266)
	at java.com.alpha.common.util.concurrent.ThreadPoolExecutor.runWorker(ThreadPoolExecutor.java:1142)
	at java.com.alpha.common.util.concurrent.ThreadPoolExecutor$Worker.run(ThreadPoolExecutor.java:617)
	at java.lang.Thread.run(Thread.java:745)
2017-04-20 20:42:30,924 ERROR [pool-2-thread-1] c.a.c.u.FileUtil [FileUtil.java:150] failed to get redission conf fileName = /conf/redission.json
java.lang.NullPointerException: null
	at java.io.Reader.<init>(Reader.java:78)
	at java.io.InputStreamReader.<init>(InputStreamReader.java:113)
	at org.apache.commons.io.IOUtils.copy(IOUtils.java:1906)
	at org.apache.commons.io.IOUtils.toString(IOUtils.java:778)
	at org.apache.commons.io.IOUtils.toString(IOUtils.java:803)
	at com.alpha.common.utils.FileUtil.getFromFile(FileUtil.java:148)
	at com.alpha.common.utils.RedissonUtil.init(RedissonUtil.java:36)
	at com.alpha.common.utils.RedissonUtil.<init>(RedissonUtil.java:21)
	at com.alpha.common.utils.RedissonUtil.getInstance(RedissonUtil.java:28)
	at com.xyl.intelligenttravel.controller.CrawlerTravelController.lambda$syncCrawler$0(CrawlerTravelController.java:69)
	at java.com.alpha.common.util.concurrent.FutureTask.run(FutureTask.java:266)
	at java.com.alpha.common.util.concurrent.ThreadPoolExecutor.runWorker(ThreadPoolExecutor.java:1142)
	at java.com.alpha.common.util.concurrent.ThreadPoolExecutor$Worker.run(ThreadPoolExecutor.java:617)
	at java.lang.Thread.run(Thread.java:745)
2017-04-20 20:45:28,381 ERROR [pool-2-thread-1] c.a.c.u.FileUtil [FileUtil.java:150] failed to get redission conf fileName = /conf/redission.json
java.lang.NullPointerException: null
	at java.io.Reader.<init>(Reader.java:78)
	at java.io.InputStreamReader.<init>(InputStreamReader.java:113)
	at org.apache.commons.io.IOUtils.copy(IOUtils.java:1906)
	at org.apache.commons.io.IOUtils.toString(IOUtils.java:778)
	at org.apache.commons.io.IOUtils.toString(IOUtils.java:803)
	at com.alpha.common.utils.FileUtil.getFromFile(FileUtil.java:148)
	at com.alpha.common.utils.RedissonUtil.init(RedissonUtil.java:36)
	at com.alpha.common.utils.RedissonUtil.<init>(RedissonUtil.java:21)
	at com.alpha.common.utils.RedissonUtil.getInstance(RedissonUtil.java:28)
	at com.xyl.intelligenttravel.controller.CrawlerTravelController.lambda$syncCrawler$0(CrawlerTravelController.java:70)
	at java.com.alpha.common.util.concurrent.FutureTask.run(FutureTask.java:266)
	at java.com.alpha.common.util.concurrent.ThreadPoolExecutor.runWorker(ThreadPoolExecutor.java:1142)
	at java.com.alpha.common.util.concurrent.ThreadPoolExecutor$Worker.run(ThreadPoolExecutor.java:617)
	at java.lang.Thread.run(Thread.java:745)
2017-04-20 20:51:14,826 ERROR [qtp105393903-22] c.a.c.w.c.GlobalController [GlobalController.java:175] Exception异常被截获
org.springframework.web.HttpRequestMethodNotSupportedException: Request method 'POST' not supported
	at org.springframework.web.servlet.mvc.method.RequestMappingInfoHandlerMapping.handleNoMatch(RequestMappingInfoHandlerMapping.java:207)
	at org.springframework.web.servlet.handler.AbstractHandlerMethodMapping.lookupHandlerMethod(AbstractHandlerMethodMapping.java:374)
	at org.springframework.web.servlet.handler.AbstractHandlerMethodMapping.getHandlerInternal(AbstractHandlerMethodMapping.java:314)
	at org.springframework.web.servlet.handler.AbstractHandlerMethodMapping.getHandlerInternal(AbstractHandlerMethodMapping.java:61)
	at org.springframework.web.servlet.handler.AbstractHandlerMapping.getHandler(AbstractHandlerMapping.java:352)
	at org.springframework.web.servlet.DispatcherServlet.getHandler(DispatcherServlet.java:1156)
	at org.springframework.web.servlet.DispatcherServlet.doDispatch(DispatcherServlet.java:936)
	at org.springframework.web.servlet.DispatcherServlet.doService(DispatcherServlet.java:897)
	at org.springframework.web.servlet.FrameworkServlet.processRequest(FrameworkServlet.java:970)
	at org.springframework.web.servlet.FrameworkServlet.doPost(FrameworkServlet.java:872)
	at javax.servlet.http.HttpServlet.service(HttpServlet.java:648)
	at org.springframework.web.servlet.FrameworkServlet.service(FrameworkServlet.java:846)
	at javax.servlet.http.HttpServlet.service(HttpServlet.java:729)
	at org.eclipse.jetty.servlet.ServletHolder.handle(ServletHolder.java:841)
	at org.eclipse.jetty.servlet.ServletHandler$CachedChain.doFilter(ServletHandler.java:1634)
	at org.eclipse.jetty.websocket.server.WebSocketUpgradeFilter.doFilter(WebSocketUpgradeFilter.java:206)
	at org.eclipse.jetty.servlet.ServletHandler$CachedChain.doFilter(ServletHandler.java:1621)
	at org.springframework.web.filter.RequestContextFilter.doFilterInternal(RequestContextFilter.java:99)
	at org.springframework.web.filter.OncePerRequestFilter.doFilter(OncePerRequestFilter.java:107)
	at org.eclipse.jetty.servlet.ServletHandler$CachedChain.doFilter(ServletHandler.java:1621)
	at org.springframework.web.filter.HttpPutFormContentFilter.doFilterInternal(HttpPutFormContentFilter.java:105)
	at org.springframework.web.filter.OncePerRequestFilter.doFilter(OncePerRequestFilter.java:107)
	at org.eclipse.jetty.servlet.ServletHandler$CachedChain.doFilter(ServletHandler.java:1621)
	at org.springframework.web.filter.HiddenHttpMethodFilter.doFilterInternal(HiddenHttpMethodFilter.java:81)
	at org.springframework.web.filter.OncePerRequestFilter.doFilter(OncePerRequestFilter.java:107)
	at org.eclipse.jetty.servlet.ServletHandler$CachedChain.doFilter(ServletHandler.java:1621)
	at org.springframework.web.filter.CharacterEncodingFilter.doFilterInternal(CharacterEncodingFilter.java:197)
	at org.springframework.web.filter.OncePerRequestFilter.doFilter(OncePerRequestFilter.java:107)
	at org.eclipse.jetty.servlet.ServletHandler$CachedChain.doFilter(ServletHandler.java:1621)
	at org.eclipse.jetty.servlet.ServletHandler.doHandle(ServletHandler.java:541)
	at org.eclipse.jetty.server.handler.ScopedHandler.handle(ScopedHandler.java:143)
	at org.eclipse.jetty.security.SecurityHandler.handle(SecurityHandler.java:548)
	at org.eclipse.jetty.server.handler.HandlerWrapper.handle(HandlerWrapper.java:132)
	at org.eclipse.jetty.server.handler.ScopedHandler.nextHandle(ScopedHandler.java:190)
	at org.eclipse.jetty.server.session.SessionHandler.doHandle(SessionHandler.java:1592)
	at org.eclipse.jetty.server.handler.ScopedHandler.nextHandle(ScopedHandler.java:188)
	at org.eclipse.jetty.server.handler.ContextHandler.doHandle(ContextHandler.java:1239)
	at org.eclipse.jetty.server.handler.ScopedHandler.nextScope(ScopedHandler.java:168)
	at org.eclipse.jetty.servlet.ServletHandler.doScope(ServletHandler.java:481)
	at org.eclipse.jetty.server.session.SessionHandler.doScope(SessionHandler.java:1561)
	at org.eclipse.jetty.server.handler.ScopedHandler.nextScope(ScopedHandler.java:166)
	at org.eclipse.jetty.server.handler.ContextHandler.doScope(ContextHandler.java:1141)
	at org.eclipse.jetty.server.handler.ScopedHandler.handle(ScopedHandler.java:141)
	at org.eclipse.jetty.server.handler.HandlerWrapper.handle(HandlerWrapper.java:132)
	at org.eclipse.jetty.server.Server.handle(Server.java:564)
	at org.eclipse.jetty.server.HttpChannel.handle(HttpChannel.java:320)
	at org.eclipse.jetty.server.HttpConnection.onFillable(HttpConnection.java:251)
	at org.eclipse.jetty.io.AbstractConnection$ReadCallback.succeeded(AbstractConnection.java:279)
	at org.eclipse.jetty.io.FillInterest.fillable(FillInterest.java:110)
	at org.eclipse.jetty.io.ChannelEndPoint$2.run(ChannelEndPoint.java:124)
	at org.eclipse.jetty.com.alpha.common.util.thread.Invocable.invokePreferred(Invocable.java:122)
	at org.eclipse.jetty.com.alpha.common.util.thread.strategy.ExecutingExecutionStrategy.invoke(ExecutingExecutionStrategy.java:58)
	at org.eclipse.jetty.com.alpha.common.util.thread.strategy.ExecuteProduceConsume.produceConsume(ExecuteProduceConsume.java:201)
	at org.eclipse.jetty.com.alpha.common.util.thread.strategy.ExecuteProduceConsume.run(ExecuteProduceConsume.java:133)
	at org.eclipse.jetty.com.alpha.common.util.thread.QueuedThreadPool.runJob(QueuedThreadPool.java:672)
	at org.eclipse.jetty.com.alpha.common.util.thread.QueuedThreadPool$2.run(QueuedThreadPool.java:590)
	at java.lang.Thread.run(Thread.java:745)
2017-04-20 21:02:41,504 ERROR [pool-1-thread-1] c.a.c.u.RedissonUtil [RedissonUtil.java:41] error to read config for redission
com.fasterxml.jackson.databind.JsonMappingException: Can not deserialize instance of java.net.URL out of START_ARRAY token
 at [Source: {"codec":{"class":"org.redisson.codec.JsonJacksonCodec"},"useLinuxNativeEpoll":false,"threads":0,"singleServerConfig":{"address":["//127.0.0.1:6379"],"subscriptionConnectionMinimumIdleSize":1,"failedAttempts":3,"dnsMonitoring":false,"dnsMonitoringInterval":5000,"connectionPoolSize":250,"idleConnectionTimeout":10000,"connectionMinimumIdleSize":5,"timeout":3000,"subscriptionConnectionPoolSize":50,"password":123456,"database":0,"connectTimeout":10000,"pingTimeout":1000,"retryInterval":1500,"reconnectionTimeout":3000,"subscriptionsPerConnection":5,"retryAttempts":3}}; line: 1, column: 130] (through reference chain: org.redisson.config.Config["singleServerConfig"]->org.redisson.config.SingleServerConfig["address"])
	at com.fasterxml.jackson.databind.JsonMappingException.from(JsonMappingException.java:270)
	at com.fasterxml.jackson.databind.DeserializationContext.reportMappingException(DeserializationContext.java:1234)
	at com.fasterxml.jackson.databind.DeserializationContext.handleUnexpectedToken(DeserializationContext.java:1122)
	at com.fasterxml.jackson.databind.DeserializationContext.handleUnexpectedToken(DeserializationContext.java:1075)
	at com.fasterxml.jackson.databind.deser.std.FromStringDeserializer.deserialize(FromStringDeserializer.java:161)
	at com.fasterxml.jackson.databind.deser.SettableBeanProperty.deserialize(SettableBeanProperty.java:504)
	at com.fasterxml.jackson.databind.deser.impl.MethodProperty.deserializeAndSet(MethodProperty.java:101)
	at com.fasterxml.jackson.databind.deser.BeanDeserializer.vanillaDeserialize(BeanDeserializer.java:276)
	at com.fasterxml.jackson.databind.deser.BeanDeserializer.deserialize(BeanDeserializer.java:140)
	at com.fasterxml.jackson.databind.deser.SettableBeanProperty.deserialize(SettableBeanProperty.java:504)
	at com.fasterxml.jackson.databind.deser.impl.MethodProperty.deserializeAndSet(MethodProperty.java:101)
	at com.fasterxml.jackson.databind.deser.BeanDeserializer.vanillaDeserialize(BeanDeserializer.java:276)
	at com.fasterxml.jackson.databind.deser.BeanDeserializer.deserialize(BeanDeserializer.java:140)
	at com.fasterxml.jackson.databind.ObjectMapper._readMapAndClose(ObjectMapper.java:3798)
	at com.fasterxml.jackson.databind.ObjectMapper.readValue(ObjectMapper.java:2842)
	at org.redisson.config.ConfigSupport.fromJSON(ConfigSupport.java:125)
	at org.redisson.config.Config.fromJSON(Config.java:492)
	at com.alpha.common.utils.RedissonUtil.init(RedissonUtil.java:38)
	at com.alpha.common.utils.RedissonUtil.<init>(RedissonUtil.java:21)
	at com.alpha.common.utils.RedissonUtil.getInstance(RedissonUtil.java:28)
	at com.xyl.intelligenttravel.pipeline.RedisPipeline.process(RedisPipeline.java:30)
	at webmagic.Spider.processRequest(Spider.java:418)
	at webmagic.Spider.access$000(Spider.java:60)
	at webmagic.Spider$1.run(Spider.java:319)
	at webmagic.thread.CountableThreadPool$1.run(CountableThreadPool.java:74)
	at java.com.alpha.common.util.concurrent.ThreadPoolExecutor.runWorker(ThreadPoolExecutor.java:1142)
	at java.com.alpha.common.util.concurrent.ThreadPoolExecutor$Worker.run(ThreadPoolExecutor.java:617)
	at java.lang.Thread.run(Thread.java:745)
2017-04-20 21:03:43,122 ERROR [pool-1-thread-1] c.a.c.u.RedissonUtil [RedissonUtil.java:41] error to read config for redission
com.fasterxml.jackson.databind.JsonMappingException: Can not deserialize instance of java.net.URL out of START_ARRAY token
 at [Source: {"codec":{"class":"org.redisson.codec.JsonJacksonCodec"},"useLinuxNativeEpoll":false,"threads":0,"singleServerConfig":{"address":["//127.0.0.1:6379"],"subscriptionConnectionMinimumIdleSize":1,"failedAttempts":3,"dnsMonitoring":false,"dnsMonitoringInterval":5000,"connectionPoolSize":250,"idleConnectionTimeout":10000,"connectionMinimumIdleSize":5,"timeout":3000,"subscriptionConnectionPoolSize":50,"password":123456,"database":0,"connectTimeout":10000,"pingTimeout":1000,"retryInterval":1500,"reconnectionTimeout":3000,"subscriptionsPerConnection":5,"retryAttempts":3}}; line: 1, column: 130] (through reference chain: org.redisson.config.Config["singleServerConfig"]->org.redisson.config.SingleServerConfig["address"])
	at com.fasterxml.jackson.databind.JsonMappingException.from(JsonMappingException.java:270)
	at com.fasterxml.jackson.databind.DeserializationContext.reportMappingException(DeserializationContext.java:1234)
	at com.fasterxml.jackson.databind.DeserializationContext.handleUnexpectedToken(DeserializationContext.java:1122)
	at com.fasterxml.jackson.databind.DeserializationContext.handleUnexpectedToken(DeserializationContext.java:1075)
	at com.fasterxml.jackson.databind.deser.std.FromStringDeserializer.deserialize(FromStringDeserializer.java:161)
	at com.fasterxml.jackson.databind.deser.SettableBeanProperty.deserialize(SettableBeanProperty.java:504)
	at com.fasterxml.jackson.databind.deser.impl.MethodProperty.deserializeAndSet(MethodProperty.java:101)
	at com.fasterxml.jackson.databind.deser.BeanDeserializer.vanillaDeserialize(BeanDeserializer.java:276)
	at com.fasterxml.jackson.databind.deser.BeanDeserializer.deserialize(BeanDeserializer.java:140)
	at com.fasterxml.jackson.databind.deser.SettableBeanProperty.deserialize(SettableBeanProperty.java:504)
	at com.fasterxml.jackson.databind.deser.impl.MethodProperty.deserializeAndSet(MethodProperty.java:101)
	at com.fasterxml.jackson.databind.deser.BeanDeserializer.vanillaDeserialize(BeanDeserializer.java:276)
	at com.fasterxml.jackson.databind.deser.BeanDeserializer.deserialize(BeanDeserializer.java:140)
	at com.fasterxml.jackson.databind.ObjectMapper._readMapAndClose(ObjectMapper.java:3798)
	at com.fasterxml.jackson.databind.ObjectMapper.readValue(ObjectMapper.java:2842)
	at org.redisson.config.ConfigSupport.fromJSON(ConfigSupport.java:125)
	at org.redisson.config.Config.fromJSON(Config.java:492)
	at com.alpha.common.utils.RedissonUtil.init(RedissonUtil.java:38)
	at com.alpha.common.utils.RedissonUtil.<init>(RedissonUtil.java:21)
	at com.alpha.common.utils.RedissonUtil.getInstance(RedissonUtil.java:28)
	at com.xyl.intelligenttravel.pipeline.RedisPipeline.process(RedisPipeline.java:30)
	at webmagic.Spider.processRequest(Spider.java:418)
	at webmagic.Spider.access$000(Spider.java:60)
	at webmagic.Spider$1.run(Spider.java:319)
	at webmagic.thread.CountableThreadPool$1.run(CountableThreadPool.java:74)
	at java.com.alpha.common.util.concurrent.ThreadPoolExecutor.runWorker(ThreadPoolExecutor.java:1142)
	at java.com.alpha.common.util.concurrent.ThreadPoolExecutor$Worker.run(ThreadPoolExecutor.java:617)
	at java.lang.Thread.run(Thread.java:745)
